<?xml version="1.0" encoding="UTF-8"?>
<!-- Generated by org.testng.reporters.JUnitReportReporter -->
<testsuite hostname="AZR-HQ-yPEmnq6w" failures="0" tests="1" name="Test_cases.Test_case01" time="4.365" errors="0" timestamp="2024-07-23T00:41:47 IST" skipped="0">
  <testcase classname="Test_cases.Test_case01" name="Test_case01" time="4.365"/>
  <system-out/>
</testsuite> <!-- Test_cases.Test_case01 -->
